<?xml version="1.0" encoding="UTF-8"?>
<testng-results ignored="0" total="1" passed="1" failed="0" skipped="0">
  <reporter-output>
  </reporter-output>
  <suite started-at="2024-08-31T16:37:16 IST" name="Default suite" finished-at="2024-08-31T16:37:25 IST" duration-ms="9066">
    <groups>
    </groups>
    <test started-at="2024-08-31T16:37:16 IST" name="Default test" finished-at="2024-08-31T16:37:25 IST" duration-ms="9066">
      <class name="test1.Login">
        <test-method signature="login()[pri:0, instance:test1.Login@2d901eb0]" started-at="2024-08-31T16:37:16 IST" name="login" finished-at="2024-08-31T16:37:25 IST" duration-ms="8993" status="PASS">
          <reporter-output>
          </reporter-output>
        </test-method> <!-- login -->
      </class> <!-- test1.Login -->
    </test> <!-- Default test -->
  </suite> <!-- Default suite -->
</testng-results>
